
*** Running vivado
    with args -log meisha_auto_cc_0.vds -m64 -product Vivado -mode batch -messageDb vivado.pb -notrace -source meisha_auto_cc_0.tcl


****** Vivado v2016.4 (64-bit)
  **** SW Build 1756540 on Mon Jan 23 19:11:19 MST 2017
  **** IP Build 1755317 on Mon Jan 23 20:30:07 MST 2017
    ** Copyright 1986-2016 Xilinx, Inc. All Rights Reserved.

source meisha_auto_cc_0.tcl -notrace
Starting RTL Elaboration : Time (s): cpu = 00:00:05 ; elapsed = 00:00:11 . Memory (MB): peak = 1262.145 ; gain = 241.430 ; free physical = 2014099 ; free virtual = 2027306
INFO: [Synth 8-638] synthesizing module 'meisha_auto_cc_0' [/home/test/vivado_prj/meisha/meisha.srcs/sources_1/bd/meisha/ip/meisha_auto_cc_0/synth/meisha_auto_cc_0.v:58]
INFO: [Synth 8-638] synthesizing module 'axi_clock_converter_v2_1_10_axi_clock_converter' [/home/test/vivado_prj/meisha/meisha.srcs/sources_1/bd/meisha/ipshared/8479/hdl/axi_clock_converter_v2_1_vl_rfs.v:642]
INFO: [Synth 8-256] done synthesizing module 'axi_clock_converter_v2_1_10_axi_clock_converter' (20#1) [/home/test/vivado_prj/meisha/meisha.srcs/sources_1/bd/meisha/ipshared/8479/hdl/axi_clock_converter_v2_1_vl_rfs.v:642]
INFO: [Synth 8-256] done synthesizing module 'meisha_auto_cc_0' (21#1) [/home/test/vivado_prj/meisha/meisha.srcs/sources_1/bd/meisha/ip/meisha_auto_cc_0/synth/meisha_auto_cc_0.v:58]
Finished RTL Elaboration : Time (s): cpu = 00:00:09 ; elapsed = 00:00:15 . Memory (MB): peak = 1384.617 ; gain = 363.902 ; free physical = 2013735 ; free virtual = 2026990
Finished RTL Optimization Phase 1 : Time (s): cpu = 00:00:09 ; elapsed = 00:00:15 . Memory (MB): peak = 1384.617 ; gain = 363.902 ; free physical = 2013731 ; free virtual = 2026990
INFO: [Device 21-403] Loading part xc7vx485tffg1761-2
Constraint Validation Runtime : Time (s): cpu = 00:00:00.07 ; elapsed = 00:00:00.03 . Memory (MB): peak = 1770.473 ; gain = 0.004 ; free physical = 2013326 ; free virtual = 2026543
Finished Constraint Validation : Time (s): cpu = 00:00:21 ; elapsed = 00:00:42 . Memory (MB): peak = 1770.473 ; gain = 749.758 ; free physical = 2012917 ; free virtual = 2026134
Finished Loading Part and Timing Information : Time (s): cpu = 00:00:21 ; elapsed = 00:00:42 . Memory (MB): peak = 1770.473 ; gain = 749.758 ; free physical = 2012917 ; free virtual = 2026134
Finished applying 'set_property' XDC Constraints : Time (s): cpu = 00:00:21 ; elapsed = 00:00:42 . Memory (MB): peak = 1770.473 ; gain = 749.758 ; free physical = 2012917 ; free virtual = 2026134
Finished RTL Optimization Phase 2 : Time (s): cpu = 00:00:21 ; elapsed = 00:00:42 . Memory (MB): peak = 1770.473 ; gain = 749.758 ; free physical = 2012907 ; free virtual = 2026124
Finished Cross Boundary and Area Optimization : Time (s): cpu = 00:00:22 ; elapsed = 00:00:43 . Memory (MB): peak = 1770.473 ; gain = 749.758 ; free physical = 2012892 ; free virtual = 2026109
---------------------------------------------------------------------------------
Start ROM, RAM, DSP and Shift Register Reporting
---------------------------------------------------------------------------------

Distributed RAM: Preliminary Mapping  Report (see note below)
+-----------------------+-----------------------------------------------------------------------------------------------------------+----------------+----------------------+---------------+
|Module Name            | RTL Object                                                                                                | Inference      | Size (Depth x Width) | Primitives    | 
+-----------------------+-----------------------------------------------------------------------------------------------------------+----------------+----------------------+---------------+
|fifo_generator_v13_1_3 | inst_fifo_gen/gaxi_full_lite.gwrite_ch.gwdch2.axi_wdch/grf.rf/gntv_or_sync_fifo.mem/gdm.dm_gen.dm/RAM_reg | User Attribute | 16 x 73              | RAM32M x 13   | 
|fifo_generator_v13_1_3 | inst_fifo_gen/gaxi_full_lite.gwrite_ch.gwrch2.axi_wrch/grf.rf/gntv_or_sync_fifo.mem/gdm.dm_gen.dm/RAM_reg | User Attribute | 16 x 6               | RAM32M x 1    | 
|fifo_generator_v13_1_3 | inst_fifo_gen/gaxi_full_lite.gread_ch.grach2.axi_rach/grf.rf/gntv_or_sync_fifo.mem/gdm.dm_gen.dm/RAM_reg  | User Attribute | 16 x 65              | RAM32M x 11   | 
|fifo_generator_v13_1_3 | inst_fifo_gen/gaxi_full_lite.gread_ch.grdch2.axi_rdch/grf.rf/gntv_or_sync_fifo.mem/gdm.dm_gen.dm/RAM_reg  | User Attribute | 16 x 71              | RAM32M x 12   | 
|fifo_generator_v13_1_3 | inst_fifo_gen/gaxi_full_lite.gwrite_ch.gwach2.axi_wach/grf.rf/gntv_or_sync_fifo.mem/gdm.dm_gen.dm/RAM_reg | User Attribute | 16 x 65              | RAM32M x 11   | 
+-----------------------+-----------------------------------------------------------------------------------------------------------+----------------+----------------------+---------------+

Note: The table above is a preliminary report that shows the Distributed RAMs at the current stage of the synthesis flow. Some Distributed RAMs may be reimplemented as non Distributed RAM primitives later in the synthesis flow. Multiple instantiated RAMs are reported only once.
---------------------------------------------------------------------------------
Finished ROM, RAM, DSP and Shift Register Reporting
---------------------------------------------------------------------------------
Finished Applying XDC Timing Constraints : Time (s): cpu = 00:00:26 ; elapsed = 00:00:47 . Memory (MB): peak = 1770.473 ; gain = 749.758 ; free physical = 2012833 ; free virtual = 2026050
Finished Timing Optimization : Time (s): cpu = 00:00:26 ; elapsed = 00:00:48 . Memory (MB): peak = 1770.473 ; gain = 749.758 ; free physical = 2012831 ; free virtual = 2026048
Finished Technology Mapping : Time (s): cpu = 00:00:27 ; elapsed = 00:00:48 . Memory (MB): peak = 1770.473 ; gain = 749.758 ; free physical = 2012831 ; free virtual = 2026048
Finished IO Insertion : Time (s): cpu = 00:00:27 ; elapsed = 00:00:48 . Memory (MB): peak = 1770.473 ; gain = 749.758 ; free physical = 2012767 ; free virtual = 2026010
Finished Renaming Generated Instances : Time (s): cpu = 00:00:27 ; elapsed = 00:00:48 . Memory (MB): peak = 1770.473 ; gain = 749.758 ; free physical = 2012763 ; free virtual = 2026008
Finished Rebuilding User Hierarchy : Time (s): cpu = 00:00:27 ; elapsed = 00:00:48 . Memory (MB): peak = 1770.473 ; gain = 749.758 ; free physical = 2012739 ; free virtual = 2026010
Finished Renaming Generated Ports : Time (s): cpu = 00:00:27 ; elapsed = 00:00:48 . Memory (MB): peak = 1770.473 ; gain = 749.758 ; free physical = 2012737 ; free virtual = 2026009
Finished Handling Custom Attributes : Time (s): cpu = 00:00:27 ; elapsed = 00:00:48 . Memory (MB): peak = 1770.473 ; gain = 749.758 ; free physical = 2012733 ; free virtual = 2026004
Finished Renaming Generated Nets : Time (s): cpu = 00:00:27 ; elapsed = 00:00:48 . Memory (MB): peak = 1770.473 ; gain = 749.758 ; free physical = 2012733 ; free virtual = 2026004

Report Cell Usage: 
+------+-------+------+
|      |Cell   |Count |
+------+-------+------+
|1     |LUT1   |    21|
|2     |LUT2   |    66|
|3     |LUT3   |    25|
|4     |LUT4   |    65|
|5     |LUT5   |     5|
|6     |LUT6   |    25|
|7     |RAM32M |    48|
|8     |FDCE   |   300|
|9     |FDPE   |   135|
|10    |FDRE   |   590|
+------+-------+------+
Finished Writing Synthesis Report : Time (s): cpu = 00:00:27 ; elapsed = 00:00:48 . Memory (MB): peak = 1770.473 ; gain = 749.758 ; free physical = 2012733 ; free virtual = 2026004
synth_design: Time (s): cpu = 00:00:31 ; elapsed = 00:00:52 . Memory (MB): peak = 2322.957 ; gain = 1213.742 ; free physical = 2012725 ; free virtual = 2025943
