
*** Running vivado
    with args -log meisha_clk_wiz_1_0.vds -m64 -product Vivado -mode batch -messageDb vivado.pb -notrace -source meisha_clk_wiz_1_0.tcl


****** Vivado v2016.4 (64-bit)
  **** SW Build 1756540 on Mon Jan 23 19:11:19 MST 2017
  **** IP Build 1755317 on Mon Jan 23 20:30:07 MST 2017
    ** Copyright 1986-2016 Xilinx, Inc. All Rights Reserved.

source meisha_clk_wiz_1_0.tcl -notrace
Starting RTL Elaboration : Time (s): cpu = 00:00:05 ; elapsed = 00:00:05 . Memory (MB): peak = 1259.145 ; gain = 238.426 ; free physical = 2003469 ; free virtual = 2023738
INFO: [Synth 8-638] synthesizing module 'meisha_clk_wiz_1_0' [/home/test/vivado_prj/meisha/meisha.srcs/sources_1/bd/meisha/ip/meisha_clk_wiz_1_0/meisha_clk_wiz_1_0.v:70]
INFO: [Synth 8-638] synthesizing module 'meisha_clk_wiz_1_0_clk_wiz' [/home/test/vivado_prj/meisha/meisha.srcs/sources_1/bd/meisha/ip/meisha_clk_wiz_1_0/meisha_clk_wiz_1_0_clk_wiz.v:68]
INFO: [Synth 8-638] synthesizing module 'IBUF' [/eda/vivado2016/Vivado/2016.4/scripts/rt/data/unisim_comp.v:14146]
INFO: [Synth 8-256] done synthesizing module 'IBUF' (1#1) [/eda/vivado2016/Vivado/2016.4/scripts/rt/data/unisim_comp.v:14146]
INFO: [Synth 8-638] synthesizing module 'PLLE2_ADV' [/eda/vivado2016/Vivado/2016.4/scripts/rt/data/unisim_comp.v:32674]
INFO: [Synth 8-256] done synthesizing module 'PLLE2_ADV' (2#1) [/eda/vivado2016/Vivado/2016.4/scripts/rt/data/unisim_comp.v:32674]
INFO: [Synth 8-638] synthesizing module 'BUFG' [/eda/vivado2016/Vivado/2016.4/scripts/rt/data/unisim_comp.v:607]
INFO: [Synth 8-256] done synthesizing module 'BUFG' (3#1) [/eda/vivado2016/Vivado/2016.4/scripts/rt/data/unisim_comp.v:607]
INFO: [Synth 8-256] done synthesizing module 'meisha_clk_wiz_1_0_clk_wiz' (4#1) [/home/test/vivado_prj/meisha/meisha.srcs/sources_1/bd/meisha/ip/meisha_clk_wiz_1_0/meisha_clk_wiz_1_0_clk_wiz.v:68]
INFO: [Synth 8-256] done synthesizing module 'meisha_clk_wiz_1_0' (5#1) [/home/test/vivado_prj/meisha/meisha.srcs/sources_1/bd/meisha/ip/meisha_clk_wiz_1_0/meisha_clk_wiz_1_0.v:70]
Finished RTL Elaboration : Time (s): cpu = 00:00:05 ; elapsed = 00:00:06 . Memory (MB): peak = 1299.621 ; gain = 278.902 ; free physical = 2003433 ; free virtual = 2023703
Finished RTL Optimization Phase 1 : Time (s): cpu = 00:00:05 ; elapsed = 00:00:06 . Memory (MB): peak = 1299.621 ; gain = 278.902 ; free physical = 2003424 ; free virtual = 2023694
INFO: [Device 21-403] Loading part xc7vx485tffg1761-2
Constraint Validation Runtime : Time (s): cpu = 00:00:00 ; elapsed = 00:00:00.01 . Memory (MB): peak = 1675.570 ; gain = 0.000 ; free physical = 2002774 ; free virtual = 2023044
Finished Constraint Validation : Time (s): cpu = 00:00:16 ; elapsed = 00:00:17 . Memory (MB): peak = 1675.570 ; gain = 654.852 ; free physical = 2002683 ; free virtual = 2022953
Finished Loading Part and Timing Information : Time (s): cpu = 00:00:16 ; elapsed = 00:00:17 . Memory (MB): peak = 1675.570 ; gain = 654.852 ; free physical = 2002684 ; free virtual = 2022954
Finished applying 'set_property' XDC Constraints : Time (s): cpu = 00:00:16 ; elapsed = 00:00:17 . Memory (MB): peak = 1675.570 ; gain = 654.852 ; free physical = 2002685 ; free virtual = 2022955
Finished RTL Optimization Phase 2 : Time (s): cpu = 00:00:16 ; elapsed = 00:00:17 . Memory (MB): peak = 1675.570 ; gain = 654.852 ; free physical = 2002684 ; free virtual = 2022954
Finished Cross Boundary and Area Optimization : Time (s): cpu = 00:00:17 ; elapsed = 00:00:17 . Memory (MB): peak = 1675.570 ; gain = 654.852 ; free physical = 2002684 ; free virtual = 2022954
Finished Applying XDC Timing Constraints : Time (s): cpu = 00:00:21 ; elapsed = 00:00:22 . Memory (MB): peak = 1675.570 ; gain = 654.852 ; free physical = 2002535 ; free virtual = 2022805
Finished Timing Optimization : Time (s): cpu = 00:00:21 ; elapsed = 00:00:22 . Memory (MB): peak = 1675.570 ; gain = 654.852 ; free physical = 2002535 ; free virtual = 2022805
Finished Technology Mapping : Time (s): cpu = 00:00:21 ; elapsed = 00:00:22 . Memory (MB): peak = 1675.570 ; gain = 654.852 ; free physical = 2002526 ; free virtual = 2022796
Finished IO Insertion : Time (s): cpu = 00:00:21 ; elapsed = 00:00:22 . Memory (MB): peak = 1675.570 ; gain = 654.852 ; free physical = 2002526 ; free virtual = 2022796
Finished Renaming Generated Instances : Time (s): cpu = 00:00:21 ; elapsed = 00:00:22 . Memory (MB): peak = 1675.570 ; gain = 654.852 ; free physical = 2002526 ; free virtual = 2022796
Finished Rebuilding User Hierarchy : Time (s): cpu = 00:00:21 ; elapsed = 00:00:22 . Memory (MB): peak = 1675.570 ; gain = 654.852 ; free physical = 2002526 ; free virtual = 2022796
Finished Renaming Generated Ports : Time (s): cpu = 00:00:21 ; elapsed = 00:00:22 . Memory (MB): peak = 1675.570 ; gain = 654.852 ; free physical = 2002526 ; free virtual = 2022796
Finished Handling Custom Attributes : Time (s): cpu = 00:00:21 ; elapsed = 00:00:22 . Memory (MB): peak = 1675.570 ; gain = 654.852 ; free physical = 2002526 ; free virtual = 2022796
Finished Renaming Generated Nets : Time (s): cpu = 00:00:21 ; elapsed = 00:00:22 . Memory (MB): peak = 1675.570 ; gain = 654.852 ; free physical = 2002526 ; free virtual = 2022796

Report Cell Usage: 
+------+----------+------+
|      |Cell      |Count |
+------+----------+------+
|1     |BUFG      |     2|
|2     |PLLE2_ADV |     1|
|3     |IBUF      |     1|
+------+----------+------+
Finished Writing Synthesis Report : Time (s): cpu = 00:00:21 ; elapsed = 00:00:22 . Memory (MB): peak = 1675.570 ; gain = 654.852 ; free physical = 2002526 ; free virtual = 2022796
synth_design: Time (s): cpu = 00:00:24 ; elapsed = 00:00:25 . Memory (MB): peak = 2139.043 ; gain = 1029.820 ; free physical = 2002031 ; free virtual = 2022301
