
*** Running vivado
    with args -log meisha_ila_0_0.vds -m64 -product Vivado -mode batch -messageDb vivado.pb -notrace -source meisha_ila_0_0.tcl


****** Vivado v2016.4 (64-bit)
  **** SW Build 1756540 on Mon Jan 23 19:11:19 MST 2017
  **** IP Build 1755317 on Mon Jan 23 20:30:07 MST 2017
    ** Copyright 1986-2016 Xilinx, Inc. All Rights Reserved.

source meisha_ila_0_0.tcl -notrace
Starting RTL Elaboration : Time (s): cpu = 00:00:08 ; elapsed = 00:00:08 . Memory (MB): peak = 1324.137 ; gain = 303.426 ; free physical = 1997352 ; free virtual = 2017226
INFO: [Synth 8-638] synthesizing module 'meisha_ila_0_0' [/home/test/vivado_prj/10.10/meisha_ok_2/meisha.srcs/sources_1/bd/meisha/ip/meisha_ila_0_0/synth/meisha_ila_0_0.v:84]
INFO: [Synth 8-638] synthesizing module 'CFGLUT5' [/eda/vivado2016/Vivado/2016.4/scripts/rt/data/unisim_comp.v:998]
INFO: [Synth 8-256] done synthesizing module 'CFGLUT5' (8#1) [/eda/vivado2016/Vivado/2016.4/scripts/rt/data/unisim_comp.v:998]
INFO: [Synth 8-638] synthesizing module 'CARRY4' [/eda/vivado2016/Vivado/2016.4/scripts/rt/data/unisim_comp.v:961]
INFO: [Synth 8-256] done synthesizing module 'CARRY4' (9#1) [/eda/vivado2016/Vivado/2016.4/scripts/rt/data/unisim_comp.v:961]
INFO: [Synth 8-638] synthesizing module 'SRLC32E' [/eda/vivado2016/Vivado/2016.4/scripts/rt/data/unisim_comp.v:43478]
INFO: [Synth 8-256] done synthesizing module 'SRLC32E' (19#1) [/eda/vivado2016/Vivado/2016.4/scripts/rt/data/unisim_comp.v:43478]
INFO: [Synth 8-638] synthesizing module 'SRL16E' [/eda/vivado2016/Vivado/2016.4/scripts/rt/data/unisim_comp.v:43328]
INFO: [Synth 8-256] done synthesizing module 'SRL16E' (21#1) [/eda/vivado2016/Vivado/2016.4/scripts/rt/data/unisim_comp.v:43328]
INFO: [Synth 8-638] synthesizing module 'SRLC16E' [/eda/vivado2016/Vivado/2016.4/scripts/rt/data/unisim_comp.v:43417]
INFO: [Synth 8-256] done synthesizing module 'SRLC16E' (23#1) [/eda/vivado2016/Vivado/2016.4/scripts/rt/data/unisim_comp.v:43417]
INFO: [Synth 8-638] synthesizing module 'FDRE' [/eda/vivado2016/Vivado/2016.4/scripts/rt/data/unisim_comp.v:3964]
INFO: [Synth 8-256] done synthesizing module 'FDRE' (28#1) [/eda/vivado2016/Vivado/2016.4/scripts/rt/data/unisim_comp.v:3964]
INFO: [Synth 8-256] done synthesizing module 'meisha_ila_0_0' (48#1) [/home/test/vivado_prj/10.10/meisha_ok_2/meisha.srcs/sources_1/bd/meisha/ip/meisha_ila_0_0/synth/meisha_ila_0_0.v:84]
Finished RTL Elaboration : Time (s): cpu = 00:01:07 ; elapsed = 00:01:08 . Memory (MB): peak = 1661.793 ; gain = 641.082 ; free physical = 1995446 ; free virtual = 2015382
Finished RTL Optimization Phase 1 : Time (s): cpu = 00:01:08 ; elapsed = 00:01:08 . Memory (MB): peak = 1661.793 ; gain = 641.082 ; free physical = 1995446 ; free virtual = 2015382
INFO: [Device 21-403] Loading part xc7vx485tffg1761-2
Constraint Validation Runtime : Time (s): cpu = 00:00:00.12 ; elapsed = 00:00:00.09 . Memory (MB): peak = 1905.820 ; gain = 0.004 ; free physical = 1993957 ; free virtual = 2013892
Finished Constraint Validation : Time (s): cpu = 00:01:26 ; elapsed = 00:01:27 . Memory (MB): peak = 1905.820 ; gain = 885.109 ; free physical = 1993534 ; free virtual = 2013470
Finished Loading Part and Timing Information : Time (s): cpu = 00:01:26 ; elapsed = 00:01:27 . Memory (MB): peak = 1905.820 ; gain = 885.109 ; free physical = 1993534 ; free virtual = 2013470
Finished applying 'set_property' XDC Constraints : Time (s): cpu = 00:01:27 ; elapsed = 00:01:27 . Memory (MB): peak = 1905.820 ; gain = 885.109 ; free physical = 1993476 ; free virtual = 2013412
Finished RTL Optimization Phase 2 : Time (s): cpu = 00:01:29 ; elapsed = 00:01:30 . Memory (MB): peak = 1905.820 ; gain = 885.109 ; free physical = 1993374 ; free virtual = 2013310
Finished Cross Boundary and Area Optimization : Time (s): cpu = 00:01:34 ; elapsed = 00:01:35 . Memory (MB): peak = 1905.820 ; gain = 885.109 ; free physical = 1993231 ; free virtual = 2013187
Finished Applying XDC Timing Constraints : Time (s): cpu = 00:01:40 ; elapsed = 00:01:41 . Memory (MB): peak = 1905.820 ; gain = 885.109 ; free physical = 1992916 ; free virtual = 2012890
Finished Timing Optimization : Time (s): cpu = 00:01:40 ; elapsed = 00:01:41 . Memory (MB): peak = 1905.820 ; gain = 885.109 ; free physical = 1992891 ; free virtual = 2012865
Finished Technology Mapping : Time (s): cpu = 00:01:41 ; elapsed = 00:01:42 . Memory (MB): peak = 1905.820 ; gain = 885.109 ; free physical = 1992825 ; free virtual = 2012799
Finished IO Insertion : Time (s): cpu = 00:01:41 ; elapsed = 00:01:43 . Memory (MB): peak = 1905.820 ; gain = 885.109 ; free physical = 1992788 ; free virtual = 2012762
Finished Renaming Generated Instances : Time (s): cpu = 00:01:41 ; elapsed = 00:01:43 . Memory (MB): peak = 1905.820 ; gain = 885.109 ; free physical = 1992784 ; free virtual = 2012759
Finished Rebuilding User Hierarchy : Time (s): cpu = 00:01:42 ; elapsed = 00:01:43 . Memory (MB): peak = 1905.820 ; gain = 885.109 ; free physical = 1992753 ; free virtual = 2012727
Finished Renaming Generated Ports : Time (s): cpu = 00:01:42 ; elapsed = 00:01:43 . Memory (MB): peak = 1905.820 ; gain = 885.109 ; free physical = 1992751 ; free virtual = 2012725
Finished Handling Custom Attributes : Time (s): cpu = 00:01:42 ; elapsed = 00:01:43 . Memory (MB): peak = 1905.820 ; gain = 885.109 ; free physical = 1992745 ; free virtual = 2012719
Finished Renaming Generated Nets : Time (s): cpu = 00:01:42 ; elapsed = 00:01:43 . Memory (MB): peak = 1905.820 ; gain = 885.109 ; free physical = 1992745 ; free virtual = 2012719

Report Cell Usage: 
+------+-----------+------+
|      |Cell       |Count |
+------+-----------+------+
|1     |CARRY4     |    51|
|2     |CFGLUT5    |   103|
|3     |LUT1       |    69|
|4     |LUT2       |    56|
|5     |LUT3       |   129|
|6     |LUT4       |   152|
|7     |LUT5       |    87|
|8     |LUT6       |   851|
|9     |MUXF7      |   125|
|10    |RAMB36E1   |    96|
|11    |RAMB36E1_1 |     4|
|12    |RAMB36E1_2 |     4|
|13    |SRL16E     |    33|
|14    |SRLC16E    |     2|
|15    |SRLC32E    |    17|
|16    |FDRE       |  1505|
|17    |FDSE       |     9|
+------+-----------+------+
Finished Writing Synthesis Report : Time (s): cpu = 00:01:42 ; elapsed = 00:01:43 . Memory (MB): peak = 1905.820 ; gain = 885.109 ; free physical = 1992744 ; free virtual = 2012718
synth_design: Time (s): cpu = 00:01:42 ; elapsed = 00:01:43 . Memory (MB): peak = 1905.820 ; gain = 747.609 ; free physical = 1992582 ; free virtual = 2012556
