
*** Running vivado
    with args -log meisha_util_ds_buf_0_0.vds -m64 -product Vivado -mode batch -messageDb vivado.pb -notrace -source meisha_util_ds_buf_0_0.tcl


****** Vivado v2016.4 (64-bit)
  **** SW Build 1756540 on Mon Jan 23 19:11:19 MST 2017
  **** IP Build 1755317 on Mon Jan 23 20:30:07 MST 2017
    ** Copyright 1986-2016 Xilinx, Inc. All Rights Reserved.

source meisha_util_ds_buf_0_0.tcl -notrace
Starting RTL Elaboration : Time (s): cpu = 00:00:05 ; elapsed = 00:00:40 . Memory (MB): peak = 1257.141 ; gain = 236.426 ; free physical = 2013113 ; free virtual = 2026330
INFO: [Synth 8-638] synthesizing module 'meisha_util_ds_buf_0_0' [/home/test/vivado_prj/meisha/meisha.srcs/sources_1/bd/meisha/ip/meisha_util_ds_buf_0_0/synth/meisha_util_ds_buf_0_0.vhd:67]
INFO: [Synth 8-638] synthesizing module 'util_ds_buf' [/home/test/vivado_prj/meisha/meisha.srcs/sources_1/bd/meisha/ipshared/1e84/hdl/vhdl/util_ds_buf.vhd:125]
INFO: [Synth 8-256] done synthesizing module 'util_ds_buf' (1#1) [/home/test/vivado_prj/meisha/meisha.srcs/sources_1/bd/meisha/ipshared/1e84/hdl/vhdl/util_ds_buf.vhd:125]
INFO: [Synth 8-256] done synthesizing module 'meisha_util_ds_buf_0_0' (2#1) [/home/test/vivado_prj/meisha/meisha.srcs/sources_1/bd/meisha/ip/meisha_util_ds_buf_0_0/synth/meisha_util_ds_buf_0_0.vhd:67]
Finished RTL Elaboration : Time (s): cpu = 00:00:05 ; elapsed = 00:00:41 . Memory (MB): peak = 1298.617 ; gain = 277.902 ; free physical = 2012952 ; free virtual = 2026169
Finished RTL Optimization Phase 1 : Time (s): cpu = 00:00:05 ; elapsed = 00:00:41 . Memory (MB): peak = 1298.617 ; gain = 277.902 ; free physical = 2012950 ; free virtual = 2026167
INFO: [Device 21-403] Loading part xc7vx485tffg1761-2
Constraint Validation Runtime : Time (s): cpu = 00:00:00.01 ; elapsed = 00:00:00.01 . Memory (MB): peak = 1661.559 ; gain = 0.004 ; free physical = 2011099 ; free virtual = 2024320
Finished Constraint Validation : Time (s): cpu = 00:00:16 ; elapsed = 00:01:07 . Memory (MB): peak = 1661.559 ; gain = 640.844 ; free physical = 2010838 ; free virtual = 2024060
Finished Loading Part and Timing Information : Time (s): cpu = 00:00:16 ; elapsed = 00:01:07 . Memory (MB): peak = 1661.559 ; gain = 640.844 ; free physical = 2010838 ; free virtual = 2024059
Finished applying 'set_property' XDC Constraints : Time (s): cpu = 00:00:16 ; elapsed = 00:01:07 . Memory (MB): peak = 1661.559 ; gain = 640.844 ; free physical = 2010836 ; free virtual = 2024058
Finished RTL Optimization Phase 2 : Time (s): cpu = 00:00:16 ; elapsed = 00:01:07 . Memory (MB): peak = 1661.559 ; gain = 640.844 ; free physical = 2010820 ; free virtual = 2024041
Finished Cross Boundary and Area Optimization : Time (s): cpu = 00:00:16 ; elapsed = 00:01:07 . Memory (MB): peak = 1661.559 ; gain = 640.844 ; free physical = 2010815 ; free virtual = 2024037
Finished Applying XDC Timing Constraints : Time (s): cpu = 00:00:21 ; elapsed = 00:01:12 . Memory (MB): peak = 1661.559 ; gain = 640.844 ; free physical = 2010439 ; free virtual = 2023660
Finished Timing Optimization : Time (s): cpu = 00:00:21 ; elapsed = 00:01:12 . Memory (MB): peak = 1661.559 ; gain = 640.844 ; free physical = 2010438 ; free virtual = 2023660
Finished Technology Mapping : Time (s): cpu = 00:00:21 ; elapsed = 00:01:12 . Memory (MB): peak = 1661.559 ; gain = 640.844 ; free physical = 2010429 ; free virtual = 2023651
Finished IO Insertion : Time (s): cpu = 00:00:21 ; elapsed = 00:01:12 . Memory (MB): peak = 1661.559 ; gain = 640.844 ; free physical = 2010406 ; free virtual = 2023627
Finished Renaming Generated Instances : Time (s): cpu = 00:00:21 ; elapsed = 00:01:12 . Memory (MB): peak = 1661.559 ; gain = 640.844 ; free physical = 2010406 ; free virtual = 2023627
Finished Rebuilding User Hierarchy : Time (s): cpu = 00:00:21 ; elapsed = 00:01:12 . Memory (MB): peak = 1661.559 ; gain = 640.844 ; free physical = 2010406 ; free virtual = 2023627
Finished Renaming Generated Ports : Time (s): cpu = 00:00:21 ; elapsed = 00:01:12 . Memory (MB): peak = 1661.559 ; gain = 640.844 ; free physical = 2010406 ; free virtual = 2023627
Finished Handling Custom Attributes : Time (s): cpu = 00:00:21 ; elapsed = 00:01:12 . Memory (MB): peak = 1661.559 ; gain = 640.844 ; free physical = 2010405 ; free virtual = 2023626
Finished Renaming Generated Nets : Time (s): cpu = 00:00:21 ; elapsed = 00:01:12 . Memory (MB): peak = 1661.559 ; gain = 640.844 ; free physical = 2010405 ; free virtual = 2023626

Report Cell Usage: 
+------+-------+------+
|      |Cell   |Count |
+------+-------+------+
|1     |IBUFDS |     1|
+------+-------+------+
Finished Writing Synthesis Report : Time (s): cpu = 00:00:21 ; elapsed = 00:01:12 . Memory (MB): peak = 1661.559 ; gain = 640.844 ; free physical = 2010405 ; free virtual = 2023626
synth_design: Time (s): cpu = 00:00:20 ; elapsed = 00:01:11 . Memory (MB): peak = 1678.566 ; gain = 569.352 ; free physical = 2010317 ; free virtual = 2023539
