
*** Running vivado
    with args -log meisha_util_vector_logic_4_0.vds -m64 -product Vivado -mode batch -messageDb vivado.pb -notrace -source meisha_util_vector_logic_4_0.tcl


****** Vivado v2016.4 (64-bit)
  **** SW Build 1756540 on Mon Jan 23 19:11:19 MST 2017
  **** IP Build 1755317 on Mon Jan 23 20:30:07 MST 2017
    ** Copyright 1986-2016 Xilinx, Inc. All Rights Reserved.

source meisha_util_vector_logic_4_0.tcl -notrace
Starting RTL Elaboration : Time (s): cpu = 00:00:05 ; elapsed = 00:00:05 . Memory (MB): peak = 1268.137 ; gain = 247.426 ; free physical = 1771429 ; free virtual = 2011545
INFO: [Synth 8-638] synthesizing module 'meisha_util_vector_logic_4_0' [/home/test/vivado_prj/9.23/meisha_ok_2/meisha.srcs/sources_1/bd/meisha/ip/meisha_util_vector_logic_4_0/synth/meisha_util_vector_logic_4_0.vhd:67]
INFO: [Synth 8-638] synthesizing module 'util_vector_logic' [/home/test/vivado_prj/9.23/meisha_ok_2/meisha.srcs/sources_1/bd/meisha/ipshared/1d19/hdl/util_vector_logic.vhd:88]
INFO: [Synth 8-256] done synthesizing module 'util_vector_logic' (1#1) [/home/test/vivado_prj/9.23/meisha_ok_2/meisha.srcs/sources_1/bd/meisha/ipshared/1d19/hdl/util_vector_logic.vhd:88]
INFO: [Synth 8-256] done synthesizing module 'meisha_util_vector_logic_4_0' (2#1) [/home/test/vivado_prj/9.23/meisha_ok_2/meisha.srcs/sources_1/bd/meisha/ip/meisha_util_vector_logic_4_0/synth/meisha_util_vector_logic_4_0.vhd:67]
Finished RTL Elaboration : Time (s): cpu = 00:00:05 ; elapsed = 00:00:06 . Memory (MB): peak = 1308.613 ; gain = 287.902 ; free physical = 1771387 ; free virtual = 2011503
Finished RTL Optimization Phase 1 : Time (s): cpu = 00:00:05 ; elapsed = 00:00:06 . Memory (MB): peak = 1308.613 ; gain = 287.902 ; free physical = 1771387 ; free virtual = 2011503
INFO: [Device 21-403] Loading part xc7vx485tffg1761-2
Constraint Validation Runtime : Time (s): cpu = 00:00:00.01 ; elapsed = 00:00:00.01 . Memory (MB): peak = 1670.570 ; gain = 0.000 ; free physical = 1771094 ; free virtual = 2011211
Finished Constraint Validation : Time (s): cpu = 00:00:16 ; elapsed = 00:00:17 . Memory (MB): peak = 1670.570 ; gain = 649.859 ; free physical = 1770939 ; free virtual = 2011056
Finished Loading Part and Timing Information : Time (s): cpu = 00:00:16 ; elapsed = 00:00:17 . Memory (MB): peak = 1670.570 ; gain = 649.859 ; free physical = 1770939 ; free virtual = 2011056
Finished applying 'set_property' XDC Constraints : Time (s): cpu = 00:00:16 ; elapsed = 00:00:17 . Memory (MB): peak = 1670.570 ; gain = 649.859 ; free physical = 1770939 ; free virtual = 2011056
Finished RTL Optimization Phase 2 : Time (s): cpu = 00:00:16 ; elapsed = 00:00:17 . Memory (MB): peak = 1670.570 ; gain = 649.859 ; free physical = 1770934 ; free virtual = 2011051
Finished Cross Boundary and Area Optimization : Time (s): cpu = 00:00:16 ; elapsed = 00:00:18 . Memory (MB): peak = 1670.570 ; gain = 649.859 ; free physical = 1770915 ; free virtual = 2011032
Finished Applying XDC Timing Constraints : Time (s): cpu = 00:00:21 ; elapsed = 00:00:22 . Memory (MB): peak = 1681.570 ; gain = 660.859 ; free physical = 1770611 ; free virtual = 2010728
Finished Timing Optimization : Time (s): cpu = 00:00:21 ; elapsed = 00:00:22 . Memory (MB): peak = 1681.570 ; gain = 660.859 ; free physical = 1770611 ; free virtual = 2010728
Finished Technology Mapping : Time (s): cpu = 00:00:21 ; elapsed = 00:00:22 . Memory (MB): peak = 1691.582 ; gain = 670.871 ; free physical = 1770601 ; free virtual = 2010718
Finished IO Insertion : Time (s): cpu = 00:00:21 ; elapsed = 00:00:22 . Memory (MB): peak = 1691.586 ; gain = 670.875 ; free physical = 1770579 ; free virtual = 2010697
Finished Renaming Generated Instances : Time (s): cpu = 00:00:21 ; elapsed = 00:00:22 . Memory (MB): peak = 1691.586 ; gain = 670.875 ; free physical = 1770579 ; free virtual = 2010697
Finished Rebuilding User Hierarchy : Time (s): cpu = 00:00:21 ; elapsed = 00:00:22 . Memory (MB): peak = 1691.586 ; gain = 670.875 ; free physical = 1770579 ; free virtual = 2010697
Finished Renaming Generated Ports : Time (s): cpu = 00:00:21 ; elapsed = 00:00:22 . Memory (MB): peak = 1691.586 ; gain = 670.875 ; free physical = 1770579 ; free virtual = 2010697
Finished Handling Custom Attributes : Time (s): cpu = 00:00:21 ; elapsed = 00:00:22 . Memory (MB): peak = 1691.586 ; gain = 670.875 ; free physical = 1770579 ; free virtual = 2010696
Finished Renaming Generated Nets : Time (s): cpu = 00:00:21 ; elapsed = 00:00:22 . Memory (MB): peak = 1691.586 ; gain = 670.875 ; free physical = 1770578 ; free virtual = 2010696

Report Cell Usage: 
+------+-----+------+
|      |Cell |Count |
+------+-----+------+
|1     |LUT2 |     1|
+------+-----+------+
Finished Writing Synthesis Report : Time (s): cpu = 00:00:21 ; elapsed = 00:00:22 . Memory (MB): peak = 1691.586 ; gain = 670.875 ; free physical = 1770578 ; free virtual = 2010696
synth_design: Time (s): cpu = 00:00:20 ; elapsed = 00:00:20 . Memory (MB): peak = 1709.586 ; gain = 594.371 ; free physical = 1770513 ; free virtual = 2010631
